0:Cosmos:
1:A
2:Spacetime
3:Odyssey
4:is
5:a
6:2014
7:American
8:science
9:documentary
10:television
11:series.[1]
12:The
13:show
14:is
15:a
16:follow-up
17:to
18:the
19:1980
20:television
21:series
22:Cosmos:
23:A
24:Personal
25:Voyage,
26:which
27:was
28:presented
29:by
30:Carl
31:Sagan
32:on
33:the
34:Public
35:Broadcasting
36:Service
37:and
38:is
39:considered
40:a
41:milestone
42:for
43:scientific
44:documentaries.
45:This
46:series
47:was
48:developed
49:to
50:bring
51:back
52:the
53:foundation
54:of
55:science
56:to
57:network
58:television
59:at
60:the
61:height
62:of
63:other
64:scientific-based
65:television
66:series
67:and
68:films.
69:The
70:show
71:is
72:presented
73:by
74:astrophysicist
75:Neil
76:deGrasse
77:Tyson,
78:who,
79:as
80:a
81:young
82:college
83:student,
84:was
85:inspired
86:by
87:Sagan.
88:Among
89:the
90:executive
91:producers
92:are
93:Seth
94:MacFarlane,
95:whose
96:clout
97:and
98:financial
99:investment
100:were
101:instrumental
102:in
103:bringing
104:the
105:show
106:to
107:broadcast
108:television,
109:and
110:Ann
111:Druyan,
112:Sagan's
113:widow
114:and
115:a
116:co-creator
117:of
118:the
119:original
120:series.[2][3]
121:The
122:series
123:loosely
124:follows
125:the
126:same
127:thirteen-episode
128:format
129:and
130:storytelling
131:approach
132:that
133:the
134:original
135:Cosmos
136:used,
137:including
138:elements
139:such
140:as
141:the
142:"Ship
143:of
144:the
145:Imagination"
146:and
147:the
148:"Cosmic
149:Calendar",
150:but
151:features
152:information
153:updated
154:since
155:the
156:1980
157:series
158:along
159:with
160:extensive
161:computer-generated
162:graphics
163:and
164:animation
165:footage
166:augmenting
167:the
168:narration.
169:The
170:show
171:is
172:produced
173:by
174:Brannon
175:Braga,
176:and
177:Alan
178:Silvestri
179:provides
180:the
181:backing
182:score.[4]
183:The
184:series
185:premiered
186:on
187:March
188:9,
189:2014,[5]
190:simultaneously
191:in
192:the
193:US
194:across
195:ten
196:21st
197:Century
198:Fox
199:networks.
200:The
201:remainder
202:of
203:the
204:series
205:aired
206:on
207:the
208:Fox
209:Network,
210:with
211:the
212:National
213:Geographic
214:Channel
215:rebroadcasting
216:the
217:episodes
218:the
219:next
220:night
221:with
222:extra
223:content.[6]
224:The
225:series
226:has
227:been
228:rebroadcast
229:internationally
230:in
231:dozens
232:of
233:other
234:countries
235:by
236:local
237:National
238:Geographic
239:and
240:Fox
241:stations.
242:The
243:series
244:concluded
245:on
246:June
247:8,
248:2014,
249:with
250:home
251:media
252:release
253:of
254:the
255:entire
256:series
257:on
258:June
259:10,
260:2014.
Cosmos::2
A:2
2014:1
1980:2
"Ship:1
"Cosmic:1
10,:1
9,:1
2014,[5]:1
2014,:1
21st:1
2014.:1
8,:1
American:1
Alan:1
Carl:1
Broadcasting:1
Among:1
Ann:1
Brannon:1
Braga,:1
Calendar",:1
Cosmos:1
Century:1
Channel:1
Spacetime:1
Odyssey:1
Neil:1
MacFarlane,:1
Druyan,:1
Imagination":1
Fox:3
Geographic:2
June:2
March:1
National:2
Network,:1
Personal:1
Sagan:1
Public:1
Service:1
Sagan.:1
Sagan's:1
Seth:1
Silvestri:1
is:5
a:5
The:8
Voyage,:1
This:1
Tyson,:1
US:1
documentary:1
by:5
and:10
along:1
across:1
aired:1
bring:1
back:1
at:1
astrophysicist:1
as:2
are:1
approach:1
animation:1
augmenting:1
backing:1
been:1
bringing:1
broadcast:1
but:1
considered:1
college:1
clout:1
co-creator:1
computer-generated:1
concluded:1
documentaries.:1
developed:1
deGrasse:1
content.[6]:1
countries:1
follow-up:1
films.:1
executive:1
elements:1
dozens:1
episodes:1
entire:1
features:1
extensive:1
extra:1
financial:1
for:1
follows:1
footage:1
foundation:1
format:1
height:1
graphics:1
has:1
inspired:1
in:3
home:1
including:1
information:1
investment:1
instrumental:1
internationally:1
science:2
presented:2
on:5
milestone:1
loosely:1
local:1
media:1
of:7
network:1
narration.:1
networks.:1
next:1
night:1
other:2
original:2
premiered:1
producers:1
produced:1
same:1
provides:1
remainder:1
rebroadcasting:1
rebroadcast:1
release:1
television:4
series.[1]:1
series:10
scientific:1
scientific-based:1
score.[4]:1
show:4
series.[2][3]:1
student,:1
storytelling:1
since:1
simultaneously:1
stations.:1
such:1
to:4
the:22
television,:1
that:1
ten:1
thirteen-episode:1
which:1
was:3
used,:1
updated:1
were:1
who,:1
young:1
whose:1
widow:1
with:4
